<?xml version="1.0" encoding="UTF-8"?>
<testsuites name="jest tests" tests="1" failures="0" time="6.051">
  <testsuite name="placeholder test" errors="0" failures="0" skipped="0" timestamp="2021-09-16T09:21:59" time="2.945" tests="1">
    <testcase classname="placeholder test should return true" name="placeholder test should return true" time="0.003">
    </testcase>
  </testsuite>
</testsuites>